  Building 'Hypervisor' with toolset 'WindowsKernelModeDriver10.0' and the 'Desktop' target platform.
  Assembling VMM.asm...
  AntiCheat.cpp
E:\VTC\Hypervisor\AntiCheat\AntiCheat.cpp(71,40): warning C4996: 'ExAllocatePool': ExAllocatePool is deprecated, use ExAllocatePool2.
E:\VTC\Hypervisor\AntiCheat\AntiCheat.cpp(171,104): warning C4100: “ProcessInformation”: 未引用的形参
E:\VTC\Hypervisor\AntiCheat\AntiCheat.cpp(171,73): warning C4100: “ProcessInformationClass”: 未引用的形参
E:\VTC\Hypervisor\AntiCheat\AntiCheat.cpp(269,8): warning C4101: “Start”: 未引用的局部变量
E:\VTC\Hypervisor\AntiCheat\AntiCheat.cpp(270,8): warning C4101: “Size”: 未引用的局部变量
E:\VTC\Hypervisor\AntiCheat\AntiCheat.cpp(269,15): warning C4101: “End”: 未引用的局部变量
  Common.cpp
E:\VTC\Hypervisor\Common\Common.cpp(17,40): warning C4996: 'ExAllocatePool': ExAllocatePool is deprecated, use ExAllocatePool2.
E:\VTC\Hypervisor\Common\Common.cpp(107,24): warning C4996: 'ExAllocatePool': ExAllocatePool is deprecated, use ExAllocatePool2.
E:\VTC\Hypervisor\Common\Common.cpp(140,82): warning C4996: 'ExAllocatePool': ExAllocatePool is deprecated, use ExAllocatePool2.
E:\VTC\Hypervisor\Common\Common.cpp(174,42): warning C4996: 'ExAllocatePool': ExAllocatePool is deprecated, use ExAllocatePool2.
E:\VTC\Hypervisor\Common\Common.cpp(268,16): warning C4706: 赋值用作条件
      E:\VTC\Hypervisor\Common\Common.cpp(268,16):
      如果是故意赋值，则可以将其括在括号中 "(e1 = e2)"，以消除此警告
  
E:\VTC\Hypervisor\Common\Common.cpp(271,13): warning C4267: “=”: 从“size_t”转换到“ULONG”，可能丢失数据
  Global.cpp
  正在编译...
  hde64.c
  正在编译...
  EPT.cpp
  Hook.cpp
E:\VTC\Hypervisor\Intel\Hook.cpp(22,40): warning C4996: 'ExAllocatePool': ExAllocatePool is deprecated, use ExAllocatePool2.
E:\VTC\Hypervisor\Intel\Hook.cpp(47,30): warning C4996: 'ExAllocatePool': ExAllocatePool is deprecated, use ExAllocatePool2.
  Memory.cpp
  VMExit.cpp
E:\VTC\Hypervisor\Intel\VMExit.cpp(210,8): warning C4189: “EPTEntry”: 局部变量已初始化但不引用
E:\VTC\Hypervisor\Intel\VMExit.cpp(516,7): warning C4189: “context”: 局部变量已初始化但不引用
  VMX.cpp
  Main.cpp
E:\VTC\Hypervisor\Main.cpp(36,44): warning C4996: 'ExAllocatePool': ExAllocatePool is deprecated, use ExAllocatePool2.
  System.cpp
  AntiCheat.obj : 找到 MSIL .netmodule 或使用 /GL 编译的模块；正在使用 /LTCG 重新启动链接；将 /LTCG 添加到链接命令行以改进链接器性能
  正在生成代码
  已完成代码的生成
  Hypervisor.vcxproj -> E:\VTC\x64\Release\Hypervisor.sys
  'pwsh.exe' 不是内部或外部命令，也不是可运行的程序
  或批处理文件。
