e:\vtc\hypervisor\x64\release\vc143.pdb
e:\vtc\hypervisor\x64\release\global.obj
e:\vtc\hypervisor\x64\release\common.obj
e:\vtc\hypervisor\x64\release\anticheat.obj
e:\vtc\hypervisor\x64\release\hde64.obj
e:\vtc\hypervisor\x64\release\system.obj
e:\vtc\hypervisor\x64\release\main.obj
e:\vtc\hypervisor\x64\release\vmx.obj
e:\vtc\hypervisor\x64\release\vmexit.obj
e:\vtc\hypervisor\x64\release\memory.obj
e:\vtc\hypervisor\x64\release\hook.obj
e:\vtc\hypervisor\x64\release\ept.obj
e:\vtc\x64\release\hypervisor.sys
e:\vtc\x64\release\hypervisor.pdb
e:\vtc\hypervisor\x64\release\vmm.obj
e:\vtc\hypervisor\x64\release\hypervisor.tlog\cl.command.1.tlog
e:\vtc\hypervisor\x64\release\hypervisor.tlog\cl.items.tlog
e:\vtc\hypervisor\x64\release\hypervisor.tlog\cl.read.1.tlog
e:\vtc\hypervisor\x64\release\hypervisor.tlog\cl.write.1.tlog
e:\vtc\hypervisor\x64\release\hypervisor.tlog\link.command.1.tlog
e:\vtc\hypervisor\x64\release\hypervisor.tlog\link.read.1.tlog
e:\vtc\hypervisor\x64\release\hypervisor.tlog\link.secondary.1.tlog
e:\vtc\hypervisor\x64\release\hypervisor.tlog\link.write.1.tlog
e:\vtc\hypervisor\x64\release\hypervisor.tlog\masm.read.1u.tlog
e:\vtc\hypervisor\x64\release\hypervisor.tlog\masm.write.1u.tlog
